DEBUG:paramiko.transport:starting thread (client mode): 0x41d2d2e0
DEBUG:paramiko.transport:Local version/idstring: SSH-2.0-paramiko_3.3.1
DEBUG:paramiko.transport:Remote version/idstring: SSH-2.0-OpenSSH_8.3 PKIX[12.5.1]
INFO:paramiko.transport:Connected (version 2.0, client OpenSSH_8.3)
DEBUG:paramiko.transport:=== Key exchange possibilities ===
DEBUG:paramiko.transport:kex algos: curve25519-sha256, curve25519-sha256@libssh.org, ecdh-sha2-nistp256, ecdh-sha2-nistp384, ecdh-sha2-nistp521, diffie-hellman-group16-sha512, diffie-hellman-group14-sha1, diffie-hellman-group14-sha256
DEBUG:paramiko.transport:server key: ssh-rsa, rsa-sha2-256
DEBUG:paramiko.transport:client encrypt: aes128-ctr, aes256-ctr, aes256-gcm@openssh.com, aes128-gcm@openssh.com
DEBUG:paramiko.transport:server encrypt: aes128-ctr, aes256-ctr, aes256-gcm@openssh.com, aes128-gcm@openssh.com
DEBUG:paramiko.transport:client mac: hmac-sha2-256-etm@openssh.com, hmac-sha2-512-etm@openssh.com, hmac-sha1-etm@openssh.com, hmac-sha2-256, hmac-sha2-512, hmac-sha1
DEBUG:paramiko.transport:server mac: hmac-sha2-256-etm@openssh.com, hmac-sha2-512-etm@openssh.com, hmac-sha1-etm@openssh.com, hmac-sha2-256, hmac-sha2-512, hmac-sha1
DEBUG:paramiko.transport:client compress: none, zlib@openssh.com
DEBUG:paramiko.transport:server compress: none, zlib@openssh.com
DEBUG:paramiko.transport:client lang: <none>
DEBUG:paramiko.transport:server lang: <none>
DEBUG:paramiko.transport:kex follows: False
DEBUG:paramiko.transport:=== Key exchange agreements ===
DEBUG:paramiko.transport:Kex: curve25519-sha256@libssh.org
DEBUG:paramiko.transport:HostKey: rsa-sha2-256
DEBUG:paramiko.transport:Cipher: aes128-ctr
DEBUG:paramiko.transport:MAC: hmac-sha2-256
DEBUG:paramiko.transport:Compression: none
DEBUG:paramiko.transport:=== End of kex handshake ===
DEBUG:paramiko.transport:kex engine KexCurve25519 specified hash_algo <built-in function openssl_sha256>
DEBUG:paramiko.transport:Switch to new keys ...
DEBUG:paramiko.transport:Got EXT_INFO: {'publickey-algorithms@roumenpetrov.info': b'x509v3-sign-rsa,x509v3-sign-dss,ssh-ed25519,ssh-dss,ecdsa-sha2-nistp256,ecdsa-sha2-nistp384,ecdsa-sha2-nistp521,ssh-rsa,rsa-sha2-256,rsa-sha2-512', 'server-sig-algs': b'x509v3-sign-rsa,x509v3-sign-dss,ssh-ed25519,ssh-dss,ecdsa-sha2-nistp256,ecdsa-sha2-nistp384,ecdsa-sha2-nistp521,ssh-rsa,rsa-sha2-256,rsa-sha2-512'}
DEBUG:paramiko.transport:Adding ssh-rsa host key for 10.128.221.100: b'b7b0d0f200feba0ed727776a5b07666c'
DEBUG:paramiko.transport:userauth is OK
INFO:paramiko.transport:Auth banner: b'\n**********************************************************************************\n*                   Welcome to Nexus (N9K-C93360YC-FX2)                          *\n*                       Hostname access01-mgmt-eat1                              *\n*                   Physical location POD 3 IDF(C05-U18)                         *\n*                                                                                *\n*           This is a private system operated for and by VMWare Inc.             *\n*   Authorization from VMWare Inc. management is required to use this system.    *\n*                   Use by unauthorized persons is prohibited.                   *\n**********************************************************************************\n'
INFO:paramiko.transport:Authentication (password) successful!
DEBUG:paramiko.transport:[chan 0] Max packet in: 32768 bytes
DEBUG:paramiko.transport:Received global request "hostkeys-00@openssh.com"
DEBUG:paramiko.transport:Rejecting "hostkeys-00@openssh.com" global request from server.
DEBUG:paramiko.transport:[chan 0] Max packet out: 32768 bytes
DEBUG:paramiko.transport:Secsh channel 0 opened.
DEBUG:paramiko.transport:[chan 0] Sesch channel 0 request ok
DEBUG:paramiko.transport:[chan 0] Sesch channel 0 request ok
DEBUG:netmiko:write_channel: b'\n'
DEBUG:netmiko:read_channel: 


DEBUG:netmiko:read_channel: 
DEBUG:netmiko:read_channel: 
DEBUG:netmiko:read_channel: 
DEBUG:netmiko:read_channel: 
DEBUG:netmiko:read_channel: 
DEBUG:netmiko:read_channel: 
DEBUG:netmiko:read_channel: 
DEBUG:netmiko:read_channel: 
DEBUG:netmiko:read_channel: 
DEBUG:netmiko:read_channel: 
DEBUG:netmiko:read_channel: 
DEBUG:netmiko:read_channel: 
DEBUG:netmiko:read_channel: 
DEBUG:netmiko:read_channel: 
DEBUG:netmiko:read_channel: 
DEBUG:netmiko:read_channel: 
DEBUG:netmiko:read_channel: 
DEBUG:netmiko:read_channel: 
DEBUG:netmiko:read_channel: 
DEBUG:netmiko:read_channel: 
DEBUG:netmiko:read_channel: 
DEBUG:netmiko:read_channel: 
DEBUG:netmiko:read_channel: 
DEBUG:netmiko:read_channel: 
DEBUG:netmiko:read_channel: 
DEBUG:netmiko:read_channel: 
DEBUG:netmiko:read_channel: Cisco Nexus Operating System (NX-OS) Software
TAC support: http://www.cisco.com/tac
Copyright (C) 2002-2022, Cisco and/or its affiliates.
All rights reserved.
The copyrights to certain works contained in this software are
owned by other third parties and used and distributed under their own
licenses, such as open source.  This software is provided "as is," and unless
otherwise stated, there is no warranty, express or implied, including but not
limited to warranties of merchantability and fitness for a particular purpose.
Certain components of this software are licensed under
the GNU General Public License (GPL) version 2.0 or 
GNU General Public License (GPL) version 3.0  or the GNU
Lesser General Public License (LGPL) Version 2.1 or 
Lesser General Public License (LGPL) Version 2.0. 
A copy of each such license is available at
http://www.opensource.org/licenses/gpl-2.0.php and
http://opensource.org/licenses/gpl-3.0.html and
http://www.opensource.org/licenses/lgpl-2.1.php and
http://www.gnu.org/licenses/old-licenses/library.txt.

DEBUG:netmiko:read_channel: 
access01-mgmt-eat1# 
access01-mgmt-eat1# 
DEBUG:netmiko:Pattern found: ([>#]) 

Cisco Nexus Operating System (NX-OS) Software
TAC support: http://www.cisco.com/tac
Copyright (C) 2002-2022, Cisco and/or its affiliates.
All rights reserved.
The copyrights to certain works contained in this software are
owned by other third parties and used and distributed under their own
licenses, such as open source.  This software is provided "as is," and unless
otherwise stated, there is no warranty, express or implied, including but not
limited to warranties of merchantability and fitness for a particular purpose.
Certain components of this software are licensed under
the GNU General Public License (GPL) version 2.0 or 
GNU General Public License (GPL) version 3.0  or the GNU
Lesser General Public License (LGPL) Version 2.1 or 
Lesser General Public License (LGPL) Version 2.0. 
A copy of each such license is available at
http://www.opensource.org/licenses/gpl-2.0.php and
http://opensource.org/licenses/gpl-3.0.html and
http://www.opensource.org/licenses/lgpl-2.1.php and
http://www.gnu.org/licenses/old-licenses/library.txt.

access01-mgmt-eat1#
DEBUG:netmiko:write_channel: b'terminal width 511\n'
DEBUG:netmiko:read_channel: 
DEBUG:netmiko:read_channel: terminal width 511
access01-mgmt-eat1# 
DEBUG:netmiko:Pattern found: (terminal width 511)  
access01-mgmt-eat1# terminal width 511
DEBUG:netmiko:In disable_paging
DEBUG:netmiko:Command: terminal length 0

DEBUG:netmiko:write_channel: b'terminal length 0\n'
DEBUG:netmiko:read_channel: 
DEBUG:netmiko:read_channel: terminal length 0
access01-mgmt-eat1# 
DEBUG:netmiko:Pattern found: (terminal\ length\ 0) 
access01-mgmt-eat1# terminal length 0
DEBUG:netmiko:
access01-mgmt-eat1# terminal length 0
DEBUG:netmiko:Exiting disable_paging
DEBUG:netmiko:read_channel: 
DEBUG:netmiko:Clear buffer detects data in the channel
DEBUG:netmiko:read_channel: 
DEBUG:netmiko:write_channel: b'\n'
DEBUG:netmiko:read_channel: 
DEBUG:netmiko:read_channel: 
access01-mgmt-eat1# 
DEBUG:netmiko:
Parenthesis found in pattern.

pattern: (\#|>)


This can be problemtic when used in read_until_pattern().

You should ensure that you use either non-capture groups i.e. '(?:' or that the
parenthesis completely wrap the pattern '(pattern)'
DEBUG:netmiko:Pattern found: (\#|>) 
access01-mgmt-eat1#
DEBUG:netmiko:read_channel: 
DEBUG:netmiko:Clear buffer detects data in the channel
DEBUG:netmiko:read_channel: 
DEBUG:netmiko:[find_prompt()]: prompt is access01-mgmt-eat1#
DEBUG:netmiko:write_channel: b'\n'
DEBUG:netmiko:read_channel: 
DEBUG:netmiko:read_channel: 
access01-mgmt-eat1# 
DEBUG:netmiko:Pattern found: (access01\-mgmt\-eat1.*) 
access01-mgmt-eat1# 
DEBUG:netmiko:write_channel: b'conf t\n'
DEBUG:netmiko:read_channel: conf t
Enter configuration commands, one per line. End with CNTL/Z.

access01-mgmt-eat1(config)# 
DEBUG:netmiko:read_channel: 
DEBUG:netmiko:read_channel: 
DEBUG:netmiko:write_channel: b'interface ethernet 157/1/33\n'
DEBUG:netmiko:read_channel: interface ethernet 157/1/33

DEBUG:netmiko:read_channel: 
access01-mgmt-eat1(config-if)# 
DEBUG:netmiko:read_channel: 
DEBUG:netmiko:read_channel: 
DEBUG:netmiko:write_channel: b'description WDC-PRD-H-ESX01 - IDR TKT6605053\n'
DEBUG:netmiko:read_channel: description WDC-PRD-H-ESX01 - IDR TKT6605053
access01-mgmt-eat1(config-if)# 
DEBUG:netmiko:read_channel: 
DEBUG:netmiko:read_channel: 
DEBUG:netmiko:write_channel: b'switchport access vlan 3856\n'
DEBUG:netmiko:read_channel: switchport access vlan 3856
access01-mgmt-eat1(config-if)# 
DEBUG:netmiko:read_channel: 
DEBUG:netmiko:read_channel: 
DEBUG:netmiko:write_channel: b'no shutdown\n'
DEBUG:netmiko:read_channel: no shutdown

DEBUG:netmiko:read_channel: 
access01-mgmt-eat1(config-if)# 
DEBUG:netmiko:read_channel: 
DEBUG:netmiko:read_channel: 
DEBUG:netmiko:write_channel: b'interface ethernet 157/1/34\n'
DEBUG:netmiko:read_channel: interface ethernet 157/1/34
access01-mgmt-eat1(config-if)# 
DEBUG:netmiko:read_channel: 
DEBUG:netmiko:read_channel: 
DEBUG:netmiko:write_channel: b'description WDC-PRD-H-ESX02 - IDR TKT6605053\n'
DEBUG:netmiko:read_channel: description WDC-PRD-H-ESX02 - IDR TKT6605053
access01-mgmt-eat1(config-if)# 
DEBUG:netmiko:read_channel: 
DEBUG:netmiko:read_channel: 
DEBUG:netmiko:write_channel: b'switchport access vlan 3856\n'
DEBUG:netmiko:read_channel: switchport access vlan 3856
access01-mgmt-eat1(config-if)# 
DEBUG:netmiko:read_channel: 
DEBUG:netmiko:read_channel: 
DEBUG:netmiko:write_channel: b'no shutdown\n'
DEBUG:netmiko:read_channel: no shutdown

DEBUG:netmiko:read_channel: 
access01-mgmt-eat1(config-if)# 
DEBUG:netmiko:read_channel: 
DEBUG:netmiko:read_channel: 
DEBUG:netmiko:write_channel: b'interface ethernet 157/1/35\n'
DEBUG:netmiko:read_channel: interface ethernet 157/1/35
access01-mgmt-eat1(config-if)# 
DEBUG:netmiko:read_channel: 
DEBUG:netmiko:read_channel: 
DEBUG:netmiko:write_channel: b'description WDC-PRD-H-ESX03 - IDR TKT6605053\n'
DEBUG:netmiko:read_channel: description WDC-PRD-H-ESX03 - IDR TKT6605053
access01-mgmt-eat1(config-if)# 
DEBUG:netmiko:read_channel: 
DEBUG:netmiko:read_channel: 
DEBUG:netmiko:write_channel: b'switchport access vlan 3856\n'
DEBUG:netmiko:read_channel: switchport access vlan 3856
access01-mgmt-eat1(config-if)# 
DEBUG:netmiko:read_channel: 
DEBUG:netmiko:read_channel: 
DEBUG:netmiko:write_channel: b'no shutdown\n'
DEBUG:netmiko:read_channel: no shutdown

DEBUG:netmiko:read_channel: 
DEBUG:netmiko:read_channel: 
access01-mgmt-eat1(config-if)# 
DEBUG:netmiko:read_channel: 
DEBUG:netmiko:read_channel: 
DEBUG:netmiko:write_channel: b'interface ethernet 157/1/36\n'
DEBUG:netmiko:read_channel: interface ethernet 157/1/36
access01-mgmt-eat1(config-if)# 
DEBUG:netmiko:read_channel: 
DEBUG:netmiko:read_channel: 
DEBUG:netmiko:write_channel: b'description WDC-PRD-H-ESX04 - IDR TKT6605053\n'
DEBUG:netmiko:read_channel: description WDC-PRD-H-ESX04 - IDR TKT6605053
access01-mgmt-eat1(config-if)# 
DEBUG:netmiko:read_channel: 
DEBUG:netmiko:read_channel: 
DEBUG:netmiko:write_channel: b'switchport access vlan 3856\n'
DEBUG:netmiko:read_channel: switchport access vlan 3856
access01-mgmt-eat1(config-if)# 
DEBUG:netmiko:read_channel: 
DEBUG:netmiko:read_channel: 
DEBUG:netmiko:write_channel: b'no shutdown\n'
DEBUG:netmiko:read_channel: no shutdown

DEBUG:netmiko:read_channel: 
access01-mgmt-eat1(config-if)# 
DEBUG:netmiko:read_channel: 
DEBUG:netmiko:read_channel: 
DEBUG:netmiko:write_channel: b'interface ethernet 157/1/37\n'
DEBUG:netmiko:read_channel: interface ethernet 157/1/37
access01-mgmt-eat1(config-if)# 
DEBUG:netmiko:read_channel: 
DEBUG:netmiko:read_channel: 
DEBUG:netmiko:write_channel: b'description WDC-PRD-H-ESX05 - IDR TKT6605053\n'
DEBUG:netmiko:read_channel: description WDC-PRD-H-ESX05 - IDR TKT6605053
access01-mgmt-eat1(config-if)# 
DEBUG:netmiko:read_channel: 
DEBUG:netmiko:read_channel: 
DEBUG:netmiko:write_channel: b'switchport access vlan 3856\n'
DEBUG:netmiko:read_channel: switchport access vlan 3856
access01-mgmt-eat1(config-if)# 
DEBUG:netmiko:read_channel: 
DEBUG:netmiko:read_channel: 
DEBUG:netmiko:write_channel: b'no shutdown\n'
DEBUG:netmiko:read_channel: no shutdown

DEBUG:netmiko:read_channel: 
access01-mgmt-eat1(config-if)# 
DEBUG:netmiko:read_channel: 
DEBUG:netmiko:read_channel: 
DEBUG:netmiko:write_channel: b'interface ethernet 157/1/38\n'
DEBUG:netmiko:read_channel: interface ethernet 157/1/38
access01-mgmt-eat1(config-if)# 
DEBUG:netmiko:read_channel: 
DEBUG:netmiko:read_channel: 
DEBUG:netmiko:write_channel: b'description WDC-PRD-H-ESX06 - IDR TKT6605053\n'
DEBUG:netmiko:read_channel: description WDC-PRD-H-ESX06 - IDR TKT6605053
access01-mgmt-eat1(config-if)# 
DEBUG:netmiko:read_channel: 
DEBUG:netmiko:read_channel: 
DEBUG:netmiko:write_channel: b'switchport access vlan 3856\n'
DEBUG:netmiko:read_channel: switchport access vlan 3856
access01-mgmt-eat1(config-if)# 
DEBUG:netmiko:read_channel: 
DEBUG:netmiko:read_channel: 
DEBUG:netmiko:write_channel: b'no shutdown\n'
DEBUG:netmiko:read_channel: no shutdown

DEBUG:netmiko:read_channel: 
DEBUG:netmiko:read_channel: 
access01-mgmt-eat1(config-if)# 
DEBUG:netmiko:read_channel: 
DEBUG:netmiko:read_channel: 
DEBUG:netmiko:write_channel: b'interface ethernet 157/1/39\n'
DEBUG:netmiko:read_channel: interface ethernet 157/1/39
access01-mgmt-eat1(config-if)# 
DEBUG:netmiko:read_channel: 
DEBUG:netmiko:read_channel: 
DEBUG:netmiko:write_channel: b'description WDC-PRD-H-ESX07 - IDR TKT6605053\n'
DEBUG:netmiko:read_channel: description WDC-PRD-H-ESX07 - IDR TKT6605053
access01-mgmt-eat1(config-if)# 
DEBUG:netmiko:read_channel: 
DEBUG:netmiko:read_channel: 
DEBUG:netmiko:write_channel: b'switchport access vlan 3856\n'
DEBUG:netmiko:read_channel: switchport access vlan 3856
access01-mgmt-eat1(config-if)# 
DEBUG:netmiko:read_channel: 
DEBUG:netmiko:read_channel: 
DEBUG:netmiko:write_channel: b'no shutdown\n'
DEBUG:netmiko:read_channel: no shutdown

DEBUG:netmiko:read_channel: 
access01-mgmt-eat1(config-if)# 
DEBUG:netmiko:read_channel: 
DEBUG:netmiko:read_channel: 
DEBUG:netmiko:write_channel: b'interface ethernet 157/1/40\n'
DEBUG:netmiko:read_channel: interface ethernet 157/1/40
access01-mgmt-eat1(config-if)# 
DEBUG:netmiko:read_channel: 
DEBUG:netmiko:read_channel: 
DEBUG:netmiko:write_channel: b'description WDC-PRD-H-ESX08 - IDR TKT6605053\n'
DEBUG:netmiko:read_channel: description WDC-PRD-H-ESX08 - IDR TKT6605053
access01-mgmt-eat1(config-if)# 
DEBUG:netmiko:read_channel: 
DEBUG:netmiko:read_channel: 
DEBUG:netmiko:write_channel: b'switchport access vlan 3856\n'
DEBUG:netmiko:read_channel: switchport access vlan 3856
access01-mgmt-eat1(config-if)# 
DEBUG:netmiko:read_channel: 
DEBUG:netmiko:read_channel: 
DEBUG:netmiko:write_channel: b'no shutdown\n'
DEBUG:netmiko:read_channel: no shutdown

DEBUG:netmiko:read_channel: 
access01-mgmt-eat1(config-if)# 
DEBUG:netmiko:read_channel: 
DEBUG:netmiko:read_channel: 
DEBUG:netmiko:write_channel: b'interface ethernet 157/1/41\n'
DEBUG:netmiko:read_channel: interface ethernet 157/1/41
access01-mgmt-eat1(config-if)# 
DEBUG:netmiko:read_channel: 
DEBUG:netmiko:read_channel: 
DEBUG:netmiko:write_channel: b'description WDC-PRD-H-ESX09 - IDR TKT6605053\n'
DEBUG:netmiko:read_channel: description WDC-PRD-H-ESX09 - IDR TKT6605053
access01-mgmt-eat1(config-if)# 
DEBUG:netmiko:read_channel: 
DEBUG:netmiko:read_channel: 
DEBUG:netmiko:write_channel: b'switchport access vlan 3856\n'
DEBUG:netmiko:read_channel: switchport access vlan 3856
access01-mgmt-eat1(config-if)# 
DEBUG:netmiko:read_channel: 
DEBUG:netmiko:read_channel: 
DEBUG:netmiko:write_channel: b'no shutdown\n'
DEBUG:netmiko:read_channel: no shutdown

DEBUG:netmiko:read_channel: 
DEBUG:netmiko:read_channel: 
access01-mgmt-eat1(config-if)# 
DEBUG:netmiko:read_channel: 
DEBUG:netmiko:read_channel: 
DEBUG:netmiko:write_channel: b'conf t\n'
DEBUG:netmiko:read_channel: conf t
access01-mgmt-eat1(config)# 
DEBUG:netmiko:read_channel: 
DEBUG:netmiko:read_channel: 
DEBUG:netmiko:write_channel: b'interface ethernet 157/1/42\n'
DEBUG:netmiko:read_channel: interface ethernet 157/1/42
access01-mgmt-eat1(config-if)# 
DEBUG:netmiko:read_channel: 
DEBUG:netmiko:read_channel: 
DEBUG:netmiko:write_channel: b'description WDC-PRD-H-ESX10 - IDR TKT6605053\n'
DEBUG:netmiko:read_channel: description WDC-PRD-H-ESX10 - IDR TKT6605053
access01-mgmt-eat1(config-if)# 
DEBUG:netmiko:read_channel: 
DEBUG:netmiko:read_channel: 
DEBUG:netmiko:write_channel: b'switchport access vlan 3856\n'
DEBUG:netmiko:read_channel: switchport access vlan 3856
access01-mgmt-eat1(config-if)# 
DEBUG:netmiko:read_channel: 
DEBUG:netmiko:read_channel: 
DEBUG:netmiko:write_channel: b'no shutdown\n'
DEBUG:netmiko:read_channel: no shutdown

DEBUG:netmiko:read_channel: 
access01-mgmt-eat1(config-if)# 
DEBUG:netmiko:read_channel: 
DEBUG:netmiko:read_channel: 
DEBUG:netmiko:write_channel: b'interface ethernet 157/1/43\n'
DEBUG:netmiko:read_channel: interface ethernet 157/1/43
access01-mgmt-eat1(config-if)# 
DEBUG:netmiko:read_channel: 
DEBUG:netmiko:read_channel: 
DEBUG:netmiko:write_channel: b'description WDC-PRD-H-ESX11 - IDR TKT6605053\n'
DEBUG:netmiko:read_channel: description WDC-PRD-H-ESX11 - IDR TKT6605053
access01-mgmt-eat1(config-if)# 
DEBUG:netmiko:read_channel: 
DEBUG:netmiko:read_channel: 
DEBUG:netmiko:write_channel: b'switchport access vlan 3856\n'
DEBUG:netmiko:read_channel: switchport access vlan 3856
access01-mgmt-eat1(config-if)# 
DEBUG:netmiko:read_channel: 
DEBUG:netmiko:read_channel: 
DEBUG:netmiko:write_channel: b'no shutdown\n'
DEBUG:netmiko:read_channel: no shutdown

DEBUG:netmiko:read_channel: 
DEBUG:netmiko:read_channel: 
access01-mgmt-eat1(config-if)# 
DEBUG:netmiko:read_channel: 
DEBUG:netmiko:read_channel: 
DEBUG:netmiko:write_channel: b'interface ethernet 157/1/44\n'
DEBUG:netmiko:read_channel: interface ethernet 157/1/44
access01-mgmt-eat1(config-if)# 
DEBUG:netmiko:read_channel: 
DEBUG:netmiko:read_channel: 
DEBUG:netmiko:write_channel: b'description WDC-PRD-H-ESX12 - IDR TKT6605053\n'
DEBUG:netmiko:read_channel: description WDC-PRD-H-ESX12 - IDR TKT6605053
access01-mgmt-eat1(config-if)# 
DEBUG:netmiko:read_channel: 
DEBUG:netmiko:read_channel: 
DEBUG:netmiko:write_channel: b'switchport access vlan 3856\n'
DEBUG:netmiko:read_channel: switchport access vlan 3856
access01-mgmt-eat1(config-if)# 
DEBUG:netmiko:read_channel: 
DEBUG:netmiko:read_channel: 
DEBUG:netmiko:write_channel: b'no shutdown\n'
DEBUG:netmiko:read_channel: no shutdown

DEBUG:netmiko:read_channel: 
DEBUG:netmiko:read_channel: 
access01-mgmt-eat1(config-if)# 
DEBUG:netmiko:read_channel: 
DEBUG:netmiko:read_channel: 
DEBUG:netmiko:write_channel: b'end\n'
DEBUG:netmiko:read_channel: end
access01-mgmt-eat1# 
DEBUG:netmiko:read_channel: 
DEBUG:netmiko:read_channel: 
DEBUG:netmiko:write_channel: b'copy r s\n'
DEBUG:netmiko:read_channel: copy r s

DEBUG:netmiko:read_channel: 
[#                                       ]   0%
[#                                       ]   1%
[#                                       ]   2%
[##                                      ]   3%
[##                                      ]   4%
[###                                     ]   5%
[###                                     ]   6%
[###                                     ]   7%
[####                                    ]   8%
[####                                    ]   9%
[#####                                   ]  10%
[#####                                   ]  11%
[#####                                   ]  12%
[######                                  ]  13%
[######                                  ]  14%
[######                                  ]  14%
[#######                                 ]  15%
[#######                                 ]  16%
[#######                                 ]  17%
[########                                ]  18%
[########                                ]  19%
[#########                               ]  20%
[#########                               ]  21%
[#########                               ]  22%
[##########                              ]  23%
[##########                              ]  24%
[###########                             ]  25%
[###########                             ]  26%
[###########                             ]  27%
[############                            ]  28%
[############                            ]  28%
[############                            ]  29%
[#############                           ]  30%
[#############                           ]  31%
[#############                           ]  32%
[##############                          ]  33%
[##############                          ]  34%
[###############                         ]  35%
[###############                         ]  36%
[###############                         ]  37%
[################                        ]  38%
[################                        ]  39%
[#################                       ]  40%
[#################                       ]  41%
[#################                       ]  42%
[#################                       ]  42%
[##################                      ]  43%
[##################                      ]  44%
[###################                     ]  45%
[###################                     ]  46%
[###################                     ]  47%
[####################                    ]  48%
[####################                    ]  49%
[#####################                   ]  50%
[#####################                   ]  51%
[#####################                   ]  52%
[######################                  ]  53%
[######################                  ]  54%
[#######################                 ]  55%
[#######################                 ]  56%
[#######################                 ]  57%
[#######################                 ]  57%
[########################                ]  58%
[########################                ]  59%
DEBUG:netmiko:read_channel: 
[#########################               ]  60%
[#########################               ]  61%
[#########################               ]  62%
[##########################              ]  63%
[##########################              ]  64%
[###########################             ]  65%
[###########################             ]  66%
[###########################             ]  67%
[############################            ]  68%
[############################            ]  69%
[#############################           ]  70%
[#############################           ]  71%
[#############################           ]  71%
[#############################           ]  72%
[##############################          ]  73%
[##############################          ]  74%
[###############################         ]  75%
[###############################         ]  76%
[###############################         ]  77%
[################################        ]  78%
[################################        ]  79%
[#################################       ]  80%
[#################################       ]  81%
[#################################       ]  82%
[##################################      ]  83%
[##################################      ]  84%
[###################################     ]  85%
[###################################     ]  85%
[###################################     ]  86%
[###################################     ]  87%
[####################################    ]  88%
[####################################    ]  89%
[#####################################   ]  90%
[#####################################   ]  91%
[#####################################   ]  92%
[######################################  ]  93%
[######################################  ]  94%
[####################################### ]  95%
[####################################### ]  96%
DEBUG:netmiko:read_channel: 
[####################################### ]  97%
DEBUG:netmiko:read_channel: 
[########################################]  98%
DEBUG:netmiko:read_channel: 
DEBUG:netmiko:read_channel: 
DEBUG:netmiko:write_channel: b'\n'
DEBUG:netmiko:read_channel: 
DEBUG:netmiko:read_channel: 

DEBUG:netmiko:read_channel: 
DEBUG:netmiko:read_channel: 
DEBUG:netmiko:read_channel: 
DEBUG:netmiko:read_channel: 
DEBUG:netmiko:read_channel: 
DEBUG:netmiko:read_channel: 
DEBUG:netmiko:read_channel: 
[########################################]  99%
DEBUG:netmiko:Pattern found: ([>#]) 

[#
DEBUG:netmiko:write_channel: b'exit\n'
DEBUG:paramiko.transport:starting thread (client mode): 0x41d5e6a0
DEBUG:paramiko.transport:Local version/idstring: SSH-2.0-paramiko_3.3.1
DEBUG:paramiko.transport:EOF in transport thread
DEBUG:paramiko.transport:Remote version/idstring: SSH-2.0-OpenSSH_8.3 PKIX[12.5.1]
INFO:paramiko.transport:Connected (version 2.0, client OpenSSH_8.3)
DEBUG:paramiko.transport:=== Key exchange possibilities ===
DEBUG:paramiko.transport:kex algos: curve25519-sha256, curve25519-sha256@libssh.org, ecdh-sha2-nistp256, ecdh-sha2-nistp384, ecdh-sha2-nistp521, diffie-hellman-group16-sha512, diffie-hellman-group14-sha1, diffie-hellman-group14-sha256
DEBUG:paramiko.transport:server key: ssh-rsa, rsa-sha2-256
DEBUG:paramiko.transport:client encrypt: aes128-ctr, aes256-ctr, aes256-gcm@openssh.com, aes128-gcm@openssh.com
DEBUG:paramiko.transport:server encrypt: aes128-ctr, aes256-ctr, aes256-gcm@openssh.com, aes128-gcm@openssh.com
DEBUG:paramiko.transport:client mac: hmac-sha2-256-etm@openssh.com, hmac-sha2-512-etm@openssh.com, hmac-sha1-etm@openssh.com, hmac-sha2-256, hmac-sha2-512, hmac-sha1
DEBUG:paramiko.transport:server mac: hmac-sha2-256-etm@openssh.com, hmac-sha2-512-etm@openssh.com, hmac-sha1-etm@openssh.com, hmac-sha2-256, hmac-sha2-512, hmac-sha1
DEBUG:paramiko.transport:client compress: none, zlib@openssh.com
DEBUG:paramiko.transport:server compress: none, zlib@openssh.com
DEBUG:paramiko.transport:client lang: <none>
DEBUG:paramiko.transport:server lang: <none>
DEBUG:paramiko.transport:kex follows: False
DEBUG:paramiko.transport:=== Key exchange agreements ===
DEBUG:paramiko.transport:Kex: curve25519-sha256@libssh.org
DEBUG:paramiko.transport:HostKey: rsa-sha2-256
DEBUG:paramiko.transport:Cipher: aes128-ctr
DEBUG:paramiko.transport:MAC: hmac-sha2-256
DEBUG:paramiko.transport:Compression: none
DEBUG:paramiko.transport:=== End of kex handshake ===
DEBUG:paramiko.transport:kex engine KexCurve25519 specified hash_algo <built-in function openssl_sha256>
DEBUG:paramiko.transport:Switch to new keys ...
DEBUG:paramiko.transport:Got EXT_INFO: {'publickey-algorithms@roumenpetrov.info': b'x509v3-sign-rsa,x509v3-sign-dss,ssh-ed25519,ssh-dss,ecdsa-sha2-nistp256,ecdsa-sha2-nistp384,ecdsa-sha2-nistp521,ssh-rsa,rsa-sha2-256,rsa-sha2-512', 'server-sig-algs': b'x509v3-sign-rsa,x509v3-sign-dss,ssh-ed25519,ssh-dss,ecdsa-sha2-nistp256,ecdsa-sha2-nistp384,ecdsa-sha2-nistp521,ssh-rsa,rsa-sha2-256,rsa-sha2-512'}
DEBUG:paramiko.transport:Adding ssh-rsa host key for 10.128.221.101: b'66aa4510880341f792e616ae9dc7fab2'
DEBUG:paramiko.transport:userauth is OK
INFO:paramiko.transport:Auth banner: b'\n**********************************************************************************\n*                   Welcome to Nexus (N5K-C93360YC-FX2)                          *\n*                       Hostname access02-mgmt-eat1                              *\n*                   Physical location POD 3 IDF(C10-U18)                         *\n*                                                                                *\n*           This is a private system operated for and by VMWare Inc.             *\n*   Authorization from VMWare Inc. management is required to use this system.    *\n*                   Use by unauthorized persons is prohibited.                   *\n**********************************************************************************\n'
INFO:paramiko.transport:Authentication (password) successful!
DEBUG:paramiko.transport:[chan 0] Max packet in: 32768 bytes
DEBUG:paramiko.transport:Received global request "hostkeys-00@openssh.com"
DEBUG:paramiko.transport:Rejecting "hostkeys-00@openssh.com" global request from server.
DEBUG:paramiko.transport:[chan 0] Max packet out: 32768 bytes
DEBUG:paramiko.transport:Secsh channel 0 opened.
DEBUG:paramiko.transport:[chan 0] Sesch channel 0 request ok
DEBUG:paramiko.transport:[chan 0] Sesch channel 0 request ok
DEBUG:netmiko:write_channel: b'\n'
DEBUG:netmiko:read_channel: 


DEBUG:netmiko:read_channel: 
DEBUG:netmiko:read_channel: 
DEBUG:netmiko:read_channel: 
DEBUG:netmiko:read_channel: 
DEBUG:netmiko:read_channel: 
DEBUG:netmiko:read_channel: 
DEBUG:netmiko:read_channel: 
DEBUG:netmiko:read_channel: 
DEBUG:netmiko:read_channel: 
DEBUG:netmiko:read_channel: 
DEBUG:netmiko:read_channel: 
DEBUG:netmiko:read_channel: 
DEBUG:netmiko:read_channel: 
DEBUG:netmiko:read_channel: 
DEBUG:netmiko:read_channel: 
DEBUG:netmiko:read_channel: 
DEBUG:netmiko:read_channel: 
DEBUG:netmiko:read_channel: 
DEBUG:netmiko:read_channel: 
DEBUG:netmiko:read_channel: 
DEBUG:netmiko:read_channel: 
DEBUG:netmiko:read_channel: 
DEBUG:netmiko:read_channel: 
DEBUG:netmiko:read_channel: 
DEBUG:netmiko:read_channel: 
DEBUG:netmiko:read_channel: 
DEBUG:netmiko:read_channel: 
DEBUG:netmiko:read_channel: Cisco Nexus Operating System (NX-OS) Software
TAC support: http://www.cisco.com/tac
Copyright (C) 2002-2022, Cisco and/or its affiliates.
All rights reserved.
The copyrights to certain works contained in this software are
owned by other third parties and used and distributed under their own
licenses, such as open source.  This software is provided "as is," and unless
otherwise stated, there is no warranty, express or implied, including but not
limited to warranties of merchantability and fitness for a particular purpose.
Certain components of this software are licensed under
the GNU General Public License (GPL) version 2.0 or 
GNU General Public License (GPL) version 3.0  or the GNU
Lesser General Public License (LGPL) Version 2.1 or 
Lesser General Public License (LGPL) Version 2.0. 
A copy of each such license is available at
http://www.opensource.org/licenses/gpl-2.0.php and
http://opensource.org/licenses/gpl-3.0.html and
http://www.opensource.org/licenses/lgpl-2.1.php and
http://www.gnu.org/licenses/old-licenses/library.txt.

DEBUG:netmiko:read_channel: 
access02-mgmt-eat1# 
access02-mgmt-eat1# 
DEBUG:netmiko:Pattern found: ([>#]) 

Cisco Nexus Operating System (NX-OS) Software
TAC support: http://www.cisco.com/tac
Copyright (C) 2002-2022, Cisco and/or its affiliates.
All rights reserved.
The copyrights to certain works contained in this software are
owned by other third parties and used and distributed under their own
licenses, such as open source.  This software is provided "as is," and unless
otherwise stated, there is no warranty, express or implied, including but not
limited to warranties of merchantability and fitness for a particular purpose.
Certain components of this software are licensed under
the GNU General Public License (GPL) version 2.0 or 
GNU General Public License (GPL) version 3.0  or the GNU
Lesser General Public License (LGPL) Version 2.1 or 
Lesser General Public License (LGPL) Version 2.0. 
A copy of each such license is available at
http://www.opensource.org/licenses/gpl-2.0.php and
http://opensource.org/licenses/gpl-3.0.html and
http://www.opensource.org/licenses/lgpl-2.1.php and
http://www.gnu.org/licenses/old-licenses/library.txt.

access02-mgmt-eat1#
DEBUG:netmiko:write_channel: b'terminal width 511\n'
DEBUG:netmiko:read_channel: 
DEBUG:netmiko:read_channel: terminal width 511
access02-mgmt-eat1# 
DEBUG:netmiko:Pattern found: (terminal width 511)  
access02-mgmt-eat1# terminal width 511
DEBUG:netmiko:In disable_paging
DEBUG:netmiko:Command: terminal length 0

DEBUG:netmiko:write_channel: b'terminal length 0\n'
DEBUG:netmiko:read_channel: 
DEBUG:netmiko:read_channel: terminal length 0
access02-mgmt-eat1# 
DEBUG:netmiko:Pattern found: (terminal\ length\ 0) 
access02-mgmt-eat1# terminal length 0
DEBUG:netmiko:
access02-mgmt-eat1# terminal length 0
DEBUG:netmiko:Exiting disable_paging
DEBUG:netmiko:read_channel: 
DEBUG:netmiko:Clear buffer detects data in the channel
DEBUG:netmiko:read_channel: 
DEBUG:netmiko:write_channel: b'\n'
DEBUG:netmiko:read_channel: 
DEBUG:netmiko:read_channel: 
access02-mgmt-eat1# 
DEBUG:netmiko:
Parenthesis found in pattern.

pattern: (\#|>)


This can be problemtic when used in read_until_pattern().

You should ensure that you use either non-capture groups i.e. '(?:' or that the
parenthesis completely wrap the pattern '(pattern)'
DEBUG:netmiko:Pattern found: (\#|>) 
access02-mgmt-eat1#
DEBUG:netmiko:read_channel: 
DEBUG:netmiko:Clear buffer detects data in the channel
DEBUG:netmiko:read_channel: 
DEBUG:netmiko:[find_prompt()]: prompt is access02-mgmt-eat1#
DEBUG:netmiko:write_channel: b'\n'
DEBUG:netmiko:read_channel: 
DEBUG:netmiko:read_channel: 
access02-mgmt-eat1# 
DEBUG:netmiko:Pattern found: (access02\-mgmt\-eat1.*) 
access02-mgmt-eat1# 
DEBUG:netmiko:write_channel: b'conf t\n'
DEBUG:netmiko:read_channel: conf t
Enter configuration commands, one per line. End with CNTL/Z.

access02-mgmt-eat1(config)# 
DEBUG:netmiko:read_channel: 
DEBUG:netmiko:read_channel: 
DEBUG:netmiko:write_channel: b'interface ethernet 157/1/33\n'
DEBUG:netmiko:read_channel: interface ethernet 157/1/33

DEBUG:netmiko:read_channel: 
access02-mgmt-eat1(config-if)# 
DEBUG:netmiko:read_channel: 
DEBUG:netmiko:read_channel: 
DEBUG:netmiko:write_channel: b'description WDC-PRD-H-ESX01 - IDR TKT6605053\n'
DEBUG:netmiko:read_channel: description WDC-PRD-H-ESX01 - IDR TKT6605053
access02-mgmt-eat1(config-if)# 
DEBUG:netmiko:read_channel: 
DEBUG:netmiko:read_channel: 
DEBUG:netmiko:write_channel: b'switchport access vlan 3856\n'
DEBUG:netmiko:read_channel: switchport access vlan 3856
access02-mgmt-eat1(config-if)# 
DEBUG:netmiko:read_channel: 
DEBUG:netmiko:read_channel: 
DEBUG:netmiko:write_channel: b'no shutdown\n'
DEBUG:netmiko:read_channel: no shutdown

DEBUG:netmiko:read_channel: 
access02-mgmt-eat1(config-if)# 
DEBUG:netmiko:read_channel: 
DEBUG:netmiko:read_channel: 
DEBUG:netmiko:write_channel: b'interface ethernet 157/1/34\n'
DEBUG:netmiko:read_channel: interface ethernet 157/1/34
access02-mgmt-eat1(config-if)# 
DEBUG:netmiko:read_channel: 
DEBUG:netmiko:read_channel: 
DEBUG:netmiko:write_channel: b'description WDC-PRD-H-ESX02 - IDR TKT6605053\n'
DEBUG:netmiko:read_channel: description WDC-PRD-H-ESX02 - IDR TKT6605053
access02-mgmt-eat1(config-if)# 
DEBUG:netmiko:read_channel: 
DEBUG:netmiko:read_channel: 
DEBUG:netmiko:write_channel: b'switchport access vlan 3856\n'
DEBUG:netmiko:read_channel: switchport access vlan 3856
access02-mgmt-eat1(config-if)# 
DEBUG:netmiko:read_channel: 
DEBUG:netmiko:read_channel: 
DEBUG:netmiko:write_channel: b'no shutdown\n'
DEBUG:netmiko:read_channel: no shutdown

DEBUG:netmiko:read_channel: 
access02-mgmt-eat1(config-if)# 
DEBUG:netmiko:read_channel: 
DEBUG:netmiko:read_channel: 
DEBUG:netmiko:write_channel: b'interface ethernet 157/1/35\n'
DEBUG:netmiko:read_channel: interface ethernet 157/1/35
access02-mgmt-eat1(config-if)# 
DEBUG:netmiko:read_channel: 
DEBUG:netmiko:read_channel: 
DEBUG:netmiko:write_channel: b'description WDC-PRD-H-ESX03 - IDR TKT6605053\n'
DEBUG:netmiko:read_channel: description WDC-PRD-H-ESX03 - IDR TKT6605053
access02-mgmt-eat1(config-if)# 
DEBUG:netmiko:read_channel: 
DEBUG:netmiko:read_channel: 
DEBUG:netmiko:write_channel: b'switchport access vlan 3856\n'
DEBUG:netmiko:read_channel: switchport access vlan 3856
access02-mgmt-eat1(config-if)# 
DEBUG:netmiko:read_channel: 
DEBUG:netmiko:read_channel: 
DEBUG:netmiko:write_channel: b'no shutdown\n'
DEBUG:netmiko:read_channel: no shutdown

DEBUG:netmiko:read_channel: 
DEBUG:netmiko:read_channel: 
access02-mgmt-eat1(config-if)# 
DEBUG:netmiko:read_channel: 
DEBUG:netmiko:read_channel: 
DEBUG:netmiko:write_channel: b'interface ethernet 157/1/36\n'
DEBUG:netmiko:read_channel: interface ethernet 157/1/36
access02-mgmt-eat1(config-if)# 
DEBUG:netmiko:read_channel: 
DEBUG:netmiko:read_channel: 
DEBUG:netmiko:write_channel: b'description WDC-PRD-H-ESX04 - IDR TKT6605053\n'
DEBUG:netmiko:read_channel: description WDC-PRD-H-ESX04 - IDR TKT6605053
access02-mgmt-eat1(config-if)# 
DEBUG:netmiko:read_channel: 
DEBUG:netmiko:read_channel: 
DEBUG:netmiko:write_channel: b'switchport access vlan 3856\n'
DEBUG:netmiko:read_channel: switchport access vlan 3856
access02-mgmt-eat1(config-if)# 
DEBUG:netmiko:read_channel: 
DEBUG:netmiko:read_channel: 
DEBUG:netmiko:write_channel: b'no shutdown\n'
DEBUG:netmiko:read_channel: no shutdown

DEBUG:netmiko:read_channel: 
access02-mgmt-eat1(config-if)# 
DEBUG:netmiko:read_channel: 
DEBUG:netmiko:read_channel: 
DEBUG:netmiko:write_channel: b'interface ethernet 157/1/37\n'
DEBUG:netmiko:read_channel: interface ethernet 157/1/37
access02-mgmt-eat1(config-if)# 
DEBUG:netmiko:read_channel: 
DEBUG:netmiko:read_channel: 
DEBUG:netmiko:write_channel: b'description WDC-PRD-H-ESX05 - IDR TKT6605053\n'
DEBUG:netmiko:read_channel: description WDC-PRD-H-ESX05 - IDR TKT6605053
access02-mgmt-eat1(config-if)# 
DEBUG:netmiko:read_channel: 
DEBUG:netmiko:read_channel: 
DEBUG:netmiko:write_channel: b'switchport access vlan 3856\n'
DEBUG:netmiko:read_channel: switchport access vlan 3856
access02-mgmt-eat1(config-if)# 
DEBUG:netmiko:read_channel: 
DEBUG:netmiko:read_channel: 
DEBUG:netmiko:write_channel: b'no shutdown\n'
DEBUG:netmiko:read_channel: no shutdown

DEBUG:netmiko:read_channel: 
access02-mgmt-eat1(config-if)# 
DEBUG:netmiko:read_channel: 
DEBUG:netmiko:read_channel: 
DEBUG:netmiko:write_channel: b'interface ethernet 157/1/38\n'
DEBUG:netmiko:read_channel: interface ethernet 157/1/38
access02-mgmt-eat1(config-if)# 
DEBUG:netmiko:read_channel: 
DEBUG:netmiko:read_channel: 
DEBUG:netmiko:write_channel: b'description WDC-PRD-H-ESX06 - IDR TKT6605053\n'
DEBUG:netmiko:read_channel: description WDC-PRD-H-ESX06 - IDR TKT6605053
access02-mgmt-eat1(config-if)# 
DEBUG:netmiko:read_channel: 
DEBUG:netmiko:read_channel: 
DEBUG:netmiko:write_channel: b'switchport access vlan 3856\n'
DEBUG:netmiko:read_channel: switchport access vlan 3856
access02-mgmt-eat1(config-if)# 
DEBUG:netmiko:read_channel: 
DEBUG:netmiko:read_channel: 
DEBUG:netmiko:write_channel: b'no shutdown\n'
DEBUG:netmiko:read_channel: no shutdown

DEBUG:netmiko:read_channel: 
access02-mgmt-eat1(config-if)# 
DEBUG:netmiko:read_channel: 
DEBUG:netmiko:read_channel: 
DEBUG:netmiko:write_channel: b'interface ethernet 157/1/39\n'
DEBUG:netmiko:read_channel: interface ethernet 157/1/39
access02-mgmt-eat1(config-if)# 
DEBUG:netmiko:read_channel: 
DEBUG:netmiko:read_channel: 
DEBUG:netmiko:write_channel: b'description WDC-PRD-H-ESX07 - IDR TKT6605053\n'
DEBUG:netmiko:read_channel: description WDC-PRD-H-ESX07 - IDR TKT6605053
access02-mgmt-eat1(config-if)# 
DEBUG:netmiko:read_channel: 
DEBUG:netmiko:read_channel: 
DEBUG:netmiko:write_channel: b'switchport access vlan 3856\n'
DEBUG:netmiko:read_channel: switchport access vlan 3856
access02-mgmt-eat1(config-if)# 
DEBUG:netmiko:read_channel: 
DEBUG:netmiko:read_channel: 
DEBUG:netmiko:write_channel: b'no shutdown\n'
DEBUG:netmiko:read_channel: no shutdown

DEBUG:netmiko:read_channel: 
access02-mgmt-eat1(config-if)# 
DEBUG:netmiko:read_channel: 
DEBUG:netmiko:read_channel: 
DEBUG:netmiko:write_channel: b'interface ethernet 157/1/40\n'
DEBUG:netmiko:read_channel: interface ethernet 157/1/40
access02-mgmt-eat1(config-if)# 
DEBUG:netmiko:read_channel: 
DEBUG:netmiko:read_channel: 
DEBUG:netmiko:write_channel: b'description WDC-PRD-H-ESX08 - IDR TKT6605053\n'
DEBUG:netmiko:read_channel: description WDC-PRD-H-ESX08 - IDR TKT6605053
access02-mgmt-eat1(config-if)# 
DEBUG:netmiko:read_channel: 
DEBUG:netmiko:read_channel: 
DEBUG:netmiko:write_channel: b'switchport access vlan 3856\n'
DEBUG:netmiko:read_channel: switchport access vlan 3856
access02-mgmt-eat1(config-if)# 
DEBUG:netmiko:read_channel: 
DEBUG:netmiko:read_channel: 
DEBUG:netmiko:write_channel: b'no shutdown\n'
DEBUG:netmiko:read_channel: no shutdown

DEBUG:netmiko:read_channel: 
DEBUG:netmiko:read_channel: 
access02-mgmt-eat1(config-if)# 
DEBUG:netmiko:read_channel: 
DEBUG:netmiko:read_channel: 
DEBUG:netmiko:write_channel: b'interface ethernet 157/1/41\n'
DEBUG:netmiko:read_channel: interface ethernet 157/1/41
access02-mgmt-eat1(config-if)# 
DEBUG:netmiko:read_channel: 
DEBUG:netmiko:read_channel: 
DEBUG:netmiko:write_channel: b'description WDC-PRD-H-ESX09 - IDR TKT6605053\n'
DEBUG:netmiko:read_channel: description WDC-PRD-H-ESX09 - IDR TKT6605053
access02-mgmt-eat1(config-if)# 
DEBUG:netmiko:read_channel: 
DEBUG:netmiko:read_channel: 
DEBUG:netmiko:write_channel: b'switchport access vlan 3856\n'
DEBUG:netmiko:read_channel: switchport access vlan 3856
access02-mgmt-eat1(config-if)# 
DEBUG:netmiko:read_channel: 
DEBUG:netmiko:read_channel: 
DEBUG:netmiko:write_channel: b'no shutdown\n'
DEBUG:netmiko:read_channel: no shutdown

DEBUG:netmiko:read_channel: 
access02-mgmt-eat1(config-if)# 
DEBUG:netmiko:read_channel: 
DEBUG:netmiko:read_channel: 
DEBUG:netmiko:write_channel: b'conf t\n'
DEBUG:netmiko:read_channel: conf t
access02-mgmt-eat1(config)# 
DEBUG:netmiko:read_channel: 
DEBUG:netmiko:read_channel: 
DEBUG:netmiko:write_channel: b'interface ethernet 157/1/42\n'
DEBUG:netmiko:read_channel: interface ethernet 157/1/42
access02-mgmt-eat1(config-if)# 
DEBUG:netmiko:read_channel: 
DEBUG:netmiko:read_channel: 
DEBUG:netmiko:write_channel: b'description WDC-PRD-H-ESX10 - IDR TKT6605053\n'
DEBUG:netmiko:read_channel: description WDC-PRD-H-ESX10 - IDR TKT6605053
access02-mgmt-eat1(config-if)# 
DEBUG:netmiko:read_channel: 
DEBUG:netmiko:read_channel: 
DEBUG:netmiko:write_channel: b'switchport access vlan 3856\n'
DEBUG:netmiko:read_channel: switchport access vlan 3856
access02-mgmt-eat1(config-if)# 
DEBUG:netmiko:read_channel: 
DEBUG:netmiko:read_channel: 
DEBUG:netmiko:write_channel: b'no shutdown\n'
DEBUG:netmiko:read_channel: no shutdown

DEBUG:netmiko:read_channel: 
access02-mgmt-eat1(config-if)# 
DEBUG:netmiko:read_channel: 
DEBUG:netmiko:read_channel: 
DEBUG:netmiko:write_channel: b'interface ethernet 157/1/43\n'
DEBUG:netmiko:read_channel: interface ethernet 157/1/43
access02-mgmt-eat1(config-if)# 
DEBUG:netmiko:read_channel: 
DEBUG:netmiko:read_channel: 
DEBUG:netmiko:write_channel: b'description WDC-PRD-H-ESX11 - IDR TKT6605053\n'
DEBUG:netmiko:read_channel: description WDC-PRD-H-ESX11 - IDR TKT6605053
access02-mgmt-eat1(config-if)# 
DEBUG:netmiko:read_channel: 
DEBUG:netmiko:read_channel: 
DEBUG:netmiko:write_channel: b'switchport access vlan 3856\n'
DEBUG:netmiko:read_channel: switchport access vlan 3856
access02-mgmt-eat1(config-if)# 
DEBUG:netmiko:read_channel: 
DEBUG:netmiko:read_channel: 
DEBUG:netmiko:write_channel: b'no shutdown\n'
DEBUG:netmiko:read_channel: no shutdown

DEBUG:netmiko:read_channel: 
access02-mgmt-eat1(config-if)# 
DEBUG:netmiko:read_channel: 
DEBUG:netmiko:read_channel: 
DEBUG:netmiko:write_channel: b'interface ethernet 157/1/44\n'
DEBUG:netmiko:read_channel: interface ethernet 157/1/44
access02-mgmt-eat1(config-if)# 
DEBUG:netmiko:read_channel: 
DEBUG:netmiko:read_channel: 
DEBUG:netmiko:write_channel: b'description WDC-PRD-H-ESX12 - IDR TKT6605053\n'
DEBUG:netmiko:read_channel: description WDC-PRD-H-ESX12 - IDR TKT6605053
access02-mgmt-eat1(config-if)# 
DEBUG:netmiko:read_channel: 
DEBUG:netmiko:read_channel: 
DEBUG:netmiko:write_channel: b'switchport access vlan 3856\n'
DEBUG:netmiko:read_channel: switchport access vlan 3856
access02-mgmt-eat1(config-if)# 
DEBUG:netmiko:read_channel: 
DEBUG:netmiko:read_channel: 
DEBUG:netmiko:write_channel: b'no shutdown\n'
DEBUG:netmiko:read_channel: no shutdown

DEBUG:netmiko:read_channel: 
access02-mgmt-eat1(config-if)# 
DEBUG:netmiko:read_channel: 
DEBUG:netmiko:read_channel: 
DEBUG:netmiko:write_channel: b'end\n'
DEBUG:netmiko:read_channel: end
access02-mgmt-eat1# 
DEBUG:netmiko:read_channel: 
DEBUG:netmiko:read_channel: 
DEBUG:netmiko:write_channel: b'copy r s\n'
DEBUG:netmiko:read_channel: copy r s
[#                                       ]   0%
[#                                       ]   1%
DEBUG:netmiko:read_channel: 
DEBUG:netmiko:read_channel: 
[#                                       ]   2%
[##                                      ]   3%
[##                                      ]   4%
[###                                     ]   5%
[###                                     ]   6%
[###                                     ]   7%
[####                                    ]   8%
[####                                    ]   9%
[#####                                   ]  10%
[#####                                   ]  11%
[#####                                   ]  12%
[######                                  ]  13%
[######                                  ]  14%
[######                                  ]  14%
[#######                                 ]  15%
[#######                                 ]  16%
[#######                                 ]  17%
[########                                ]  18%
[########                                ]  19%
[#########                               ]  20%
[#########                               ]  21%
[#########                               ]  22%
[##########                              ]  23%
[##########                              ]  24%
[###########                             ]  25%
[###########                             ]  26%
[###########                             ]  27%
[############                            ]  28%
[############                            ]  28%
[############                            ]  29%
[#############                           ]  30%
[#############                           ]  31%
[#############                           ]  32%
[##############                          ]  33%
[##############                          ]  34%
[###############                         ]  35%
[###############                         ]  36%
[###############                         ]  37%
[################                        ]  38%
[################                        ]  39%
[#################                       ]  40%
[#################                       ]  41%
[#################                       ]  42%
[#################                       ]  42%
[##################                      ]  43%
[##################                      ]  44%
[###################                     ]  45%
[###################                     ]  46%
[###################                     ]  47%
[####################                    ]  48%
[####################                    ]  49%
[#####################                   ]  50%
[#####################                   ]  51%
[#####################                   ]  52%
[######################                  ]  53%
[######################                  ]  54%
[#######################                 ]  55%
[#######################                 ]  56%
[#######################                 ]  57%
[#######################                 ]  57%
[########################                ]  58%
[########################                ]  59%
[#########################               ]  60%
[#########################               ]  61%
[#########################               ]  62%
[##########################              ]  63%
[##########################              ]  64%
[###########################             ]  65%
[###########################             ]  66%
[###########################             ]  67%
[############################            ]  68%
[############################            ]  69%
[#############################           ]  70%
[#############################           ]  71%
[#############################           ]  71%
[#############################           ]  72%
[##############################          ]  73%
[##############################          ]  74%
[###############################         ]  75%
[###############################         ]  76%
[###############################         ]  77%
[################################        ]  78%
[################################        ]  79%
[#################################       ]  80%
[#################################       ]  81%
[#################################       ]  82%
[##################################      ]  83%
[##################################      ]  84%
[###################################     ]  85%
[###################################     ]  85%
[###################################     ]  86%
[###################################     ]  87%
[####################################    ]  88%
[####################################    ]  89%
[#####################################   ]  90%
[#####################################   ]  91%
[#####################################   ]  92%
[######################################  ]  93%
[######################################  ]  94%
[####################################### ]  95%
[####################################### ]  96%
[####################################### ]  97%
[########################################]  98%
DEBUG:netmiko:read_channel: 
DEBUG:netmiko:read_channel: 
[########################################]  99%
DEBUG:netmiko:read_channel: 
DEBUG:netmiko:read_channel: 
DEBUG:netmiko:write_channel: b'\n'
DEBUG:netmiko:read_channel: 
DEBUG:netmiko:read_channel: 

DEBUG:netmiko:read_channel: 
DEBUG:netmiko:read_channel: 
DEBUG:netmiko:read_channel: 
DEBUG:netmiko:read_channel: 
DEBUG:netmiko:read_channel: 
DEBUG:netmiko:read_channel: 
DEBUG:netmiko:read_channel: 
DEBUG:netmiko:read_channel: 
DEBUG:netmiko:read_channel: 
DEBUG:netmiko:read_channel: 
DEBUG:netmiko:read_channel: 
DEBUG:netmiko:read_channel: 
DEBUG:netmiko:read_channel: 
DEBUG:netmiko:read_channel: 
DEBUG:netmiko:read_channel: 
DEBUG:netmiko:read_channel: 
DEBUG:netmiko:read_channel: 
DEBUG:netmiko:read_channel: 
DEBUG:netmiko:read_channel: 
DEBUG:netmiko:read_channel: 
DEBUG:netmiko:read_channel: 
DEBUG:netmiko:read_channel: 
DEBUG:netmiko:read_channel: 
DEBUG:netmiko:read_channel: 
DEBUG:netmiko:read_channel: 
DEBUG:netmiko:read_channel: 
DEBUG:netmiko:read_channel: 
DEBUG:netmiko:read_channel: 
DEBUG:netmiko:read_channel: 
DEBUG:netmiko:read_channel: 
DEBUG:netmiko:read_channel: 
DEBUG:netmiko:read_channel: 
DEBUG:netmiko:read_channel: 
DEBUG:netmiko:read_channel: 
DEBUG:netmiko:read_channel: 
DEBUG:netmiko:read_channel: 
DEBUG:netmiko:read_channel: 
DEBUG:netmiko:read_channel: 
DEBUG:netmiko:read_channel: 
DEBUG:netmiko:read_channel: 
DEBUG:netmiko:read_channel: 
DEBUG:netmiko:read_channel: 
DEBUG:netmiko:read_channel: 
DEBUG:netmiko:read_channel: 
DEBUG:netmiko:read_channel: 
DEBUG:netmiko:read_channel: 
DEBUG:netmiko:read_channel: 
DEBUG:netmiko:read_channel: 
DEBUG:netmiko:read_channel: 
DEBUG:netmiko:read_channel: 
DEBUG:netmiko:read_channel: 
DEBUG:netmiko:read_channel: 
DEBUG:netmiko:read_channel: 
DEBUG:netmiko:read_channel: 
DEBUG:netmiko:read_channel: 
DEBUG:netmiko:read_channel: 
DEBUG:netmiko:read_channel: 
DEBUG:netmiko:read_channel: 
DEBUG:netmiko:read_channel: 
DEBUG:netmiko:read_channel: 
DEBUG:netmiko:read_channel: 
DEBUG:netmiko:read_channel: 
DEBUG:netmiko:read_channel: 
DEBUG:netmiko:read_channel: 
DEBUG:netmiko:read_channel: 
DEBUG:netmiko:read_channel: 
DEBUG:netmiko:read_channel: 
DEBUG:netmiko:read_channel: 
DEBUG:netmiko:read_channel: 
DEBUG:netmiko:read_channel: 
DEBUG:netmiko:read_channel: 
DEBUG:netmiko:read_channel: 
DEBUG:netmiko:read_channel: 
DEBUG:netmiko:read_channel: 
DEBUG:netmiko:read_channel: 
DEBUG:netmiko:read_channel: 
DEBUG:netmiko:read_channel: 
DEBUG:netmiko:read_channel: 
DEBUG:netmiko:read_channel: 
DEBUG:netmiko:read_channel: 
DEBUG:netmiko:read_channel: 
DEBUG:netmiko:read_channel: 
DEBUG:netmiko:read_channel: 
DEBUG:netmiko:read_channel: 
DEBUG:netmiko:read_channel: 
DEBUG:netmiko:read_channel: 
DEBUG:netmiko:read_channel: 
DEBUG:netmiko:read_channel: 
DEBUG:netmiko:read_channel: 
DEBUG:netmiko:read_channel: 
DEBUG:netmiko:read_channel: 
DEBUG:netmiko:read_channel: 
DEBUG:netmiko:read_channel: 
DEBUG:netmiko:read_channel: 
DEBUG:netmiko:read_channel: 
DEBUG:netmiko:read_channel: 
DEBUG:netmiko:read_channel: 
DEBUG:netmiko:read_channel: 
DEBUG:netmiko:read_channel: 
DEBUG:netmiko:read_channel: 
DEBUG:netmiko:read_channel: 
DEBUG:netmiko:read_channel: 
DEBUG:netmiko:read_channel: 
DEBUG:netmiko:read_channel: 
DEBUG:netmiko:read_channel: 
DEBUG:netmiko:read_channel: 
DEBUG:netmiko:read_channel: 
DEBUG:netmiko:read_channel: 
DEBUG:netmiko:read_channel: 
DEBUG:netmiko:read_channel: 
DEBUG:netmiko:read_channel: 
DEBUG:netmiko:read_channel: 
DEBUG:netmiko:read_channel: 
DEBUG:netmiko:read_channel: 
DEBUG:netmiko:read_channel: 
DEBUG:netmiko:read_channel: 
DEBUG:netmiko:read_channel: 
DEBUG:netmiko:read_channel: 
DEBUG:netmiko:read_channel: 
DEBUG:netmiko:read_channel: 
DEBUG:netmiko:read_channel: 
DEBUG:netmiko:read_channel: 
DEBUG:netmiko:read_channel: 
DEBUG:netmiko:read_channel: 
DEBUG:netmiko:read_channel: 
DEBUG:netmiko:read_channel: 
DEBUG:netmiko:read_channel: 
DEBUG:netmiko:read_channel: 
DEBUG:netmiko:read_channel: 
DEBUG:netmiko:read_channel: 
DEBUG:netmiko:read_channel: 
DEBUG:netmiko:read_channel: 
DEBUG:netmiko:read_channel: 
DEBUG:netmiko:read_channel: 
DEBUG:netmiko:read_channel: 
DEBUG:netmiko:read_channel: 
DEBUG:netmiko:read_channel: 
DEBUG:netmiko:read_channel: 
DEBUG:netmiko:read_channel: 
DEBUG:netmiko:read_channel: 
DEBUG:netmiko:read_channel: 
DEBUG:netmiko:read_channel: 
DEBUG:netmiko:read_channel: 
DEBUG:netmiko:read_channel: 
DEBUG:netmiko:read_channel: 
DEBUG:netmiko:read_channel: 
DEBUG:netmiko:read_channel: 
DEBUG:netmiko:read_channel: 
DEBUG:netmiko:read_channel: 
DEBUG:netmiko:read_channel: 
DEBUG:netmiko:read_channel: 
DEBUG:netmiko:read_channel: 
DEBUG:netmiko:read_channel: 
DEBUG:netmiko:read_channel: 
DEBUG:netmiko:read_channel: 
DEBUG:netmiko:read_channel: 
DEBUG:netmiko:read_channel: 
DEBUG:netmiko:read_channel: 
DEBUG:netmiko:read_channel: 
DEBUG:netmiko:read_channel: 
DEBUG:netmiko:read_channel: 
DEBUG:netmiko:read_channel: 
DEBUG:netmiko:read_channel: 
DEBUG:netmiko:read_channel: 
DEBUG:netmiko:read_channel: 
DEBUG:netmiko:read_channel: 
DEBUG:netmiko:read_channel: 
DEBUG:netmiko:read_channel: 
DEBUG:netmiko:read_channel: 
DEBUG:netmiko:read_channel: 
DEBUG:netmiko:read_channel: 
DEBUG:netmiko:read_channel: 
DEBUG:netmiko:read_channel: 
DEBUG:netmiko:read_channel: 
DEBUG:netmiko:read_channel: 
DEBUG:netmiko:read_channel: 
DEBUG:netmiko:read_channel: 
DEBUG:netmiko:read_channel: 
DEBUG:netmiko:read_channel: 
DEBUG:netmiko:read_channel: 
DEBUG:netmiko:read_channel: 
DEBUG:netmiko:read_channel: 
DEBUG:netmiko:read_channel: 
DEBUG:netmiko:read_channel: 
DEBUG:netmiko:read_channel: 
DEBUG:netmiko:read_channel: 
DEBUG:netmiko:read_channel: 
DEBUG:netmiko:read_channel: 
DEBUG:netmiko:read_channel: 
DEBUG:netmiko:read_channel: 
DEBUG:netmiko:read_channel: 
DEBUG:netmiko:read_channel: 
DEBUG:netmiko:read_channel: 
DEBUG:netmiko:read_channel: 
DEBUG:netmiko:read_channel: 
DEBUG:netmiko:read_channel: 
DEBUG:netmiko:read_channel: 
DEBUG:netmiko:read_channel: 
DEBUG:netmiko:read_channel: 
DEBUG:netmiko:read_channel: 
DEBUG:netmiko:read_channel: 
DEBUG:netmiko:read_channel: 
DEBUG:netmiko:read_channel: 
DEBUG:netmiko:read_channel: 
DEBUG:netmiko:read_channel: 
DEBUG:netmiko:read_channel: 
DEBUG:netmiko:read_channel: 
DEBUG:netmiko:read_channel: 
DEBUG:netmiko:read_channel: 
DEBUG:netmiko:read_channel: 
DEBUG:netmiko:read_channel: 
DEBUG:netmiko:read_channel: 
DEBUG:netmiko:read_channel: 
DEBUG:netmiko:read_channel: 
DEBUG:netmiko:read_channel: 
DEBUG:netmiko:read_channel: 
DEBUG:netmiko:read_channel: 
DEBUG:netmiko:read_channel: 
DEBUG:netmiko:read_channel: 
DEBUG:netmiko:read_channel: 
DEBUG:netmiko:read_channel: 
DEBUG:netmiko:read_channel: 
DEBUG:netmiko:read_channel: 
DEBUG:netmiko:read_channel: 
DEBUG:netmiko:read_channel: 
DEBUG:netmiko:read_channel: 
DEBUG:netmiko:read_channel: 
DEBUG:netmiko:read_channel: 
DEBUG:netmiko:read_channel: 
DEBUG:netmiko:read_channel: 
DEBUG:netmiko:read_channel: 
DEBUG:netmiko:read_channel: 
DEBUG:netmiko:read_channel: 
DEBUG:netmiko:read_channel: 
DEBUG:netmiko:read_channel: 
DEBUG:netmiko:read_channel: 
DEBUG:netmiko:read_channel: 
DEBUG:netmiko:read_channel: 
DEBUG:netmiko:read_channel: 
DEBUG:netmiko:read_channel: 
DEBUG:netmiko:read_channel: 
DEBUG:netmiko:read_channel: 
DEBUG:netmiko:read_channel: 
DEBUG:netmiko:read_channel: 
DEBUG:netmiko:read_channel: 
DEBUG:netmiko:read_channel: 
DEBUG:netmiko:read_channel: 
DEBUG:netmiko:read_channel: 
DEBUG:netmiko:read_channel: 
DEBUG:netmiko:read_channel: 
DEBUG:netmiko:read_channel: 
DEBUG:netmiko:read_channel: 
DEBUG:netmiko:read_channel: 
DEBUG:netmiko:read_channel: 
DEBUG:netmiko:read_channel: 
DEBUG:netmiko:read_channel: 
DEBUG:netmiko:read_channel: 
DEBUG:netmiko:read_channel: 
DEBUG:netmiko:read_channel: 
DEBUG:netmiko:read_channel: 
DEBUG:netmiko:read_channel: 
DEBUG:netmiko:read_channel: 
DEBUG:netmiko:read_channel: 
DEBUG:netmiko:read_channel: 
DEBUG:netmiko:read_channel: 
DEBUG:netmiko:read_channel: 
DEBUG:netmiko:read_channel: 
DEBUG:netmiko:read_channel: 
DEBUG:netmiko:read_channel: 
DEBUG:netmiko:read_channel: 
DEBUG:netmiko:read_channel: 
DEBUG:netmiko:read_channel: 
DEBUG:netmiko:read_channel: 
DEBUG:netmiko:read_channel: 
DEBUG:netmiko:read_channel: 
DEBUG:netmiko:read_channel: 
DEBUG:netmiko:read_channel: 
DEBUG:netmiko:read_channel: 
DEBUG:netmiko:read_channel: 
DEBUG:netmiko:read_channel: 
DEBUG:netmiko:read_channel: 
DEBUG:netmiko:read_channel: 
DEBUG:netmiko:read_channel: 
DEBUG:netmiko:read_channel: 
DEBUG:netmiko:read_channel: 
DEBUG:netmiko:read_channel: 
DEBUG:netmiko:read_channel: 
DEBUG:netmiko:read_channel: 
DEBUG:netmiko:read_channel: 
DEBUG:netmiko:read_channel: 
DEBUG:netmiko:read_channel: 
DEBUG:netmiko:read_channel: 
DEBUG:netmiko:read_channel: 
DEBUG:netmiko:read_channel: 
DEBUG:netmiko:read_channel: 
DEBUG:netmiko:read_channel: 
DEBUG:netmiko:read_channel: 
DEBUG:netmiko:read_channel: 
DEBUG:netmiko:read_channel: 
DEBUG:netmiko:read_channel: 
DEBUG:netmiko:read_channel: 
DEBUG:netmiko:read_channel: 
DEBUG:netmiko:read_channel: 
DEBUG:netmiko:read_channel: 
DEBUG:netmiko:read_channel: 
DEBUG:netmiko:read_channel: 
DEBUG:netmiko:read_channel: 
DEBUG:netmiko:read_channel: 
DEBUG:netmiko:read_channel: 
DEBUG:netmiko:read_channel: 
DEBUG:netmiko:read_channel: 
DEBUG:netmiko:read_channel: 
DEBUG:netmiko:read_channel: 
DEBUG:netmiko:read_channel: 
DEBUG:netmiko:read_channel: 
DEBUG:netmiko:read_channel: 
DEBUG:netmiko:read_channel: 
DEBUG:netmiko:read_channel: 
DEBUG:netmiko:read_channel: 
DEBUG:netmiko:read_channel: 
DEBUG:netmiko:read_channel: 
DEBUG:netmiko:read_channel: 
DEBUG:netmiko:read_channel: 
DEBUG:netmiko:read_channel: 
DEBUG:netmiko:read_channel: 
DEBUG:netmiko:read_channel: 
DEBUG:netmiko:read_channel: 
DEBUG:netmiko:read_channel: 
DEBUG:netmiko:read_channel: 
DEBUG:netmiko:read_channel: 
DEBUG:netmiko:read_channel: 
DEBUG:netmiko:read_channel: 
DEBUG:netmiko:read_channel: 
DEBUG:netmiko:read_channel: 
DEBUG:netmiko:read_channel: 
DEBUG:netmiko:read_channel: 
DEBUG:netmiko:read_channel: 
DEBUG:netmiko:read_channel: 
DEBUG:netmiko:read_channel: 
DEBUG:netmiko:read_channel: 
DEBUG:netmiko:read_channel: 
DEBUG:netmiko:read_channel: 
DEBUG:netmiko:read_channel: 
DEBUG:netmiko:read_channel: 
DEBUG:netmiko:read_channel: 
DEBUG:netmiko:read_channel: 
DEBUG:netmiko:read_channel: 
DEBUG:netmiko:read_channel: 
DEBUG:netmiko:read_channel: 
DEBUG:netmiko:read_channel: 
DEBUG:netmiko:read_channel: 
DEBUG:netmiko:read_channel: 
DEBUG:netmiko:read_channel: 
DEBUG:netmiko:read_channel: 
DEBUG:netmiko:read_channel: 
DEBUG:netmiko:read_channel: 
DEBUG:netmiko:read_channel: 
DEBUG:netmiko:read_channel: 
DEBUG:netmiko:read_channel: 
DEBUG:netmiko:read_channel: 
DEBUG:netmiko:read_channel: 
DEBUG:netmiko:read_channel: 
DEBUG:netmiko:read_channel: 
DEBUG:netmiko:read_channel: 
DEBUG:netmiko:read_channel: 
DEBUG:netmiko:read_channel: 
DEBUG:netmiko:read_channel: 
DEBUG:netmiko:read_channel: 
DEBUG:netmiko:read_channel: 
DEBUG:netmiko:read_channel: 
DEBUG:netmiko:read_channel: 
DEBUG:netmiko:read_channel: 
DEBUG:netmiko:read_channel: 
DEBUG:netmiko:read_channel: 
DEBUG:netmiko:read_channel: 
DEBUG:netmiko:read_channel: 
DEBUG:netmiko:read_channel: 
DEBUG:netmiko:read_channel: 
DEBUG:netmiko:read_channel: 
DEBUG:netmiko:read_channel: 
DEBUG:netmiko:read_channel: 
DEBUG:netmiko:read_channel: 
DEBUG:netmiko:read_channel: 
DEBUG:netmiko:read_channel: 
DEBUG:netmiko:read_channel: 
DEBUG:netmiko:read_channel: 
DEBUG:netmiko:read_channel: 
DEBUG:netmiko:read_channel: 
DEBUG:netmiko:read_channel: 
DEBUG:netmiko:read_channel: 
DEBUG:netmiko:read_channel: 
DEBUG:netmiko:read_channel: 
DEBUG:netmiko:read_channel: 
DEBUG:netmiko:read_channel: 
DEBUG:netmiko:read_channel: 
DEBUG:netmiko:read_channel: 
DEBUG:netmiko:read_channel: 
DEBUG:netmiko:read_channel: 
DEBUG:netmiko:read_channel: 
DEBUG:netmiko:read_channel: 
DEBUG:netmiko:read_channel: 
DEBUG:netmiko:read_channel: 
DEBUG:netmiko:read_channel: 
DEBUG:netmiko:read_channel: 
DEBUG:netmiko:read_channel: 
DEBUG:netmiko:read_channel: 
DEBUG:netmiko:read_channel: 
DEBUG:netmiko:read_channel: 
DEBUG:netmiko:read_channel: 
DEBUG:netmiko:read_channel: 
DEBUG:netmiko:read_channel: 
DEBUG:netmiko:read_channel: 
DEBUG:netmiko:read_channel: 
DEBUG:netmiko:read_channel: 
DEBUG:netmiko:read_channel: 
DEBUG:netmiko:read_channel: 
DEBUG:netmiko:read_channel: 
DEBUG:netmiko:read_channel: 
DEBUG:netmiko:read_channel: 
DEBUG:netmiko:read_channel: 
DEBUG:netmiko:read_channel: 
DEBUG:netmiko:read_channel: 
DEBUG:netmiko:read_channel: 
DEBUG:netmiko:read_channel: 
DEBUG:netmiko:read_channel: 
DEBUG:netmiko:read_channel: 
DEBUG:netmiko:read_channel: 
DEBUG:netmiko:read_channel: 
DEBUG:netmiko:read_channel: 
DEBUG:netmiko:read_channel: 
DEBUG:netmiko:read_channel: 
DEBUG:netmiko:read_channel: 
DEBUG:netmiko:read_channel: 
DEBUG:netmiko:read_channel: 
DEBUG:netmiko:read_channel: 
DEBUG:netmiko:read_channel: 
DEBUG:netmiko:read_channel: 
DEBUG:netmiko:read_channel: 
DEBUG:netmiko:read_channel: 
DEBUG:netmiko:read_channel: 
DEBUG:netmiko:read_channel: 
DEBUG:netmiko:read_channel: 
DEBUG:netmiko:read_channel: 
DEBUG:netmiko:read_channel: 
DEBUG:netmiko:read_channel: 
DEBUG:netmiko:read_channel: 
DEBUG:netmiko:read_channel: 
DEBUG:netmiko:read_channel: 
DEBUG:netmiko:read_channel: 
DEBUG:netmiko:read_channel: 
DEBUG:netmiko:read_channel: 
DEBUG:netmiko:read_channel: 
DEBUG:netmiko:read_channel: 
DEBUG:netmiko:read_channel: 
DEBUG:netmiko:read_channel: 
DEBUG:netmiko:read_channel: 
DEBUG:netmiko:read_channel: 
DEBUG:netmiko:read_channel: 
DEBUG:netmiko:read_channel: 
DEBUG:netmiko:read_channel: 
DEBUG:netmiko:read_channel: 
DEBUG:netmiko:read_channel: 
DEBUG:netmiko:read_channel: 
DEBUG:netmiko:read_channel: 
DEBUG:netmiko:read_channel: 
DEBUG:netmiko:read_channel: 
DEBUG:netmiko:read_channel: 
DEBUG:netmiko:read_channel: 
DEBUG:netmiko:read_channel: 
DEBUG:netmiko:read_channel: 
DEBUG:netmiko:read_channel: 
DEBUG:netmiko:read_channel: 
DEBUG:netmiko:read_channel: 
DEBUG:netmiko:read_channel: 
DEBUG:netmiko:read_channel: 
DEBUG:netmiko:read_channel: 
DEBUG:netmiko:read_channel: 
DEBUG:netmiko:read_channel: 
DEBUG:netmiko:read_channel: 
DEBUG:netmiko:read_channel: 
DEBUG:netmiko:read_channel: 
DEBUG:netmiko:read_channel: 
DEBUG:netmiko:read_channel: 
DEBUG:netmiko:read_channel: 
DEBUG:netmiko:read_channel: 
DEBUG:netmiko:read_channel: 
DEBUG:netmiko:read_channel: 
DEBUG:netmiko:read_channel: 
DEBUG:netmiko:read_channel: 
DEBUG:netmiko:read_channel: 
DEBUG:netmiko:read_channel: 
DEBUG:netmiko:read_channel: 
DEBUG:netmiko:read_channel: 
DEBUG:netmiko:read_channel: 
DEBUG:netmiko:read_channel: 
DEBUG:netmiko:read_channel: 
DEBUG:netmiko:read_channel: 
DEBUG:netmiko:read_channel: 
DEBUG:netmiko:read_channel: 
DEBUG:netmiko:read_channel: 
DEBUG:netmiko:read_channel: 
DEBUG:netmiko:read_channel: 
DEBUG:netmiko:read_channel: 
DEBUG:netmiko:read_channel: 
DEBUG:netmiko:read_channel: 
DEBUG:netmiko:read_channel: 
DEBUG:netmiko:read_channel: 
DEBUG:netmiko:read_channel: 
DEBUG:netmiko:read_channel: 
DEBUG:netmiko:read_channel: 
DEBUG:netmiko:read_channel: 
[########################################] 100%

DEBUG:netmiko:Pattern found: ([>#]) 

[#
DEBUG:netmiko:write_channel: b'exit\n'
